Variation of  sites
1	8716978	 G	T
2	8717018	 G	A
3	8717060	 A	G
4	8717069	 C	G
5	8717087	 C	T
6	8717153	 C	T
7	8717165	 A	G
8	8717169	 G	T
9	8717194	 A	C
10	8717197	 A	G
11	8717198	 T	C
12	8717217	 C	G
13	8717284	 C	T
14	8717315	 A	T
15	8717568	 T	C
16	8717630	 A	T
17	8718167	 C	T
18	8718342	 T	G
19	8718522	 C	A
20	8718899	 G	A
21	8718962	 A	C
22	8719175	 T	G
23	8719220	 T	G
24	8719365	 T	G
25	8719461	 T	C
26	8719472	 G	A
27	8719474	 T	C
28	8719476	 C	A
29	8719486	 T	C
30	8719488	 G	A
31	8719496	 A	G
32	8719562	 C	T
33	8719590	 C	G
34	8719720	 C	T
35	8719723	 A	G
36	8719747	 A	G
37	8719827	 A	G
38	8719832	 G	T
39	8719962	 T	C
40	8720016	 C	T
41	8720054	 T	G
42	8720078	 C	T
43	8720099	 G	A
44	8720119	 T	C
45	8720127	 A	T
46	8720136	 C	T
47	8720342	 C	A
48	8720477	 C	G
49	8720493	 T	A
50	8720508	 G	A
51	8720565	 A	C
52	8720572	 C	T
53	8720602	 A	C
54	8720664	 G	A
55	8720702	 C	T
56	8720710	 C	T

Statistics for Os01g0259900 haplotype
A total of 16 Os01g0259900 haplotypes in rice
H1	00000000000000000000000000000000000000000000000000000000
H2	00100000000000000001000000000000000000000000000000000000
H3	00000000000000000001000000000000000000000000000000000000
H4	00100000000000001011011011111111111111111011110111111111
H5	00100000000000001011011011111111111111111011110101111111
H6	11111111111111110101110100000000000000000100001000000000
H7	01111111111111110001010100000000000000000100001000000000
H8	01101111111111110001010000000000000000000100001000000000
H9	01111111111111110001010000000000000000000100001000000000
H10	01101111111111110011010000000000000000000000000000000000
H11	01101111111111110001010000000000000000000000000000000010
H12	01101111111111110001010000000000000000100000000000000000
H13	01101111111111110001010000000001000000000000000000000010
H14	01101111111111110001010000000001000000000100000000000000
H15	01101111111111110001010000000001000000000100000000000100
H16	11111111111111110001110100000000000000000100001000000000

The distribution of Os01g0259900 haplotype in rice groups
Haplotype	All	IND	TEJ	TRJ	RUF1	RUF2	NIV1	NIV2
H1	1103	634	162	300	5	0	0	2
H2	47	0	0	0	47	0	0	0
H3	6	0	0	0	6	0	0	0
H4	48	0	0	0	8	40	0	0
H5	6	0	0	0	0	6	0	0
H6	56	16	0	0	0	0	0	40
H7	8	0	0	0	0	0	0	8
H8	36	0	0	0	0	0	0	36
H9	18	0	0	0	0	0	0	18
H10	14	0	0	0	0	0	14	0
H11	14	0	0	0	0	0	14	0
H12	9	0	0	0	0	0	9	0
H13	11	0	0	0	0	0	11	0
H14	46	0	0	0	0	0	46	0
H15	14	0	0	0	0	0	14	0
H16	8	8	0	0	0	0	0	0

The hyplotype of each sample in each group
IND	haplotype
ind_BRU_58415_1	H1
ind_BRU_58415_2	H1
ind_BRU_78724_1	H1
ind_BRU_78724_2	H1
ind_CAM_22856_1	H1
ind_CAM_22856_2	H1
ind_CAM_22981_1	H1
ind_CAM_22981_2	H1
ind_CAM_23016_1	H1
ind_CAM_23016_2	H1
ind_CAM_75366_1	H1
ind_CAM_75366_2	H1
ind_CAM_79194_1	H1
ind_CAM_79194_2	H1
ind_CAM_79258_1	H1
ind_CAM_79258_2	H1
ind_CAM_81278_1	H1
ind_CAM_81278_2	H1
ind_CAM_81314_1	H1
ind_CAM_81314_2	H1
ind_CAM_81328_1	H1
ind_CAM_81328_2	H1
ind_CAM_81352_1	H1
ind_CAM_81352_2	H1
ind_CAM_81357_1	H1
ind_CAM_81357_2	H1
ind_CAM_81386_1	H1
ind_CAM_81386_2	H1
ind_CAM_82308_1	H1
ind_CAM_82308_2	H1
ind_CAM_83966_1	H1
ind_CAM_83966_2	H1
ind_INA_13652_1	H1
ind_INA_13652_2	H1
ind_INA_14615_1	H1
ind_INA_14615_2	H1
ind_INA_16503_1	H1
ind_INA_16503_2	H1
ind_INA_16650_1	H1
ind_INA_16650_2	H1
ind_INA_17174_1	H1
ind_INA_17174_2	H1
ind_INA_17186_1	H1
ind_INA_17186_2	H1
ind_INA_17214_1	H1
ind_INA_17214_2	H1
ind_INA_17440_1	H1
ind_INA_17440_2	H1
ind_INA_17569_1	H1
ind_INA_17569_2	H1
ind_INA_17669_1	H1
ind_INA_17669_2	H1
ind_INA_17785_1	H1
ind_INA_17785_2	H1
ind_INA_17818_1	H1
ind_INA_17818_2	H1
ind_INA_17822_1	H1
ind_INA_17822_2	H1
ind_INA_17925_1	H1
ind_INA_17925_2	H1
ind_INA_18187_1	H1
ind_INA_18187_2	H1
ind_INA_18220_1	H1
ind_INA_18220_2	H1
ind_INA_18254_1	H1
ind_INA_18254_2	H1
ind_INA_18320_1	H1
ind_INA_18320_2	H1
ind_INA_18512_1	H1
ind_INA_18512_2	H1
ind_INA_18558_1	H1
ind_INA_18558_2	H1
ind_INA_18595_1	H1
ind_INA_18595_2	H1
ind_INA_18624_1	H1
ind_INA_18624_2	H1
ind_INA_18724_1	H1
ind_INA_18724_2	H1
ind_INA_18789_1	H1
ind_INA_18789_2	H1
ind_INA_18800_1	H1
ind_INA_18800_2	H1
ind_INA_19103_1	H1
ind_INA_19103_2	H1
ind_INA_19141_1	H1
ind_INA_19141_2	H1
ind_INA_19176_1	H1
ind_INA_19176_2	H1
ind_INA_19282_1	H1
ind_INA_19282_2	H1
ind_INA_19972_1	H1
ind_INA_19972_2	H1
ind_INA_20000_1	H1
ind_INA_20000_2	H1
ind_INA_20154_1	H1
ind_INA_20154_2	H1
ind_INA_20162_1	H1
ind_INA_20162_2	H1
ind_INA_24624_1	H1
ind_INA_24624_2	H1
ind_INA_24642_1	H1
ind_INA_24642_2	H1
ind_INA_24681_1	H1
ind_INA_24681_2	H1
ind_INA_24697_1	H1
ind_INA_24697_2	H1
ind_INA_24757_1	H1
ind_INA_24757_2	H1
ind_INA_25413_1	H1
ind_INA_25413_2	H1
ind_INA_25493_1	H1
ind_INA_25493_2	H1
ind_INA_25532_1	H1
ind_INA_25532_2	H1
ind_INA_25734_1	H1
ind_INA_25734_2	H1
ind_INA_25821_1	H1
ind_INA_25821_2	H1
ind_INA_25823_1	H1
ind_INA_25823_2	H1
ind_INA_26988_1	H1
ind_INA_26988_2	H1
ind_INA_27107_1	H1
ind_INA_27107_2	H1
ind_INA_27138_1	H1
ind_INA_27138_2	H1
ind_INA_27170_1	H1
ind_INA_27170_2	H1
ind_INA_27386_1	H1
ind_INA_27386_2	H1
ind_INA_27393_1	H1
ind_INA_27393_2	H1
ind_INA_35310_1	H1
ind_INA_35310_2	H1
ind_INA_35481_1	H1
ind_INA_35481_2	H1
ind_INA_35581_1	H1
ind_INA_35581_2	H1
ind_INA_43322_1	H1
ind_INA_43322_2	H1
ind_INA_43354_1	H1
ind_INA_43354_2	H1
ind_INA_43489_1	H1
ind_INA_43489_2	H1
ind_INA_43496_1	H1
ind_INA_43496_2	H1
ind_INA_43542_1	H1
ind_INA_43542_2	H1
ind_INA_43545_1	H1
ind_INA_43545_2	H1
ind_INA_43563_1	H1
ind_INA_43563_2	H1
ind_INA_43645_1	H1
ind_INA_43645_2	H1
ind_INA_43677_1	H1
ind_INA_43677_2	H1
ind_INA_43709_1	H1
ind_INA_43709_2	H1
ind_INA_43727_1	H1
ind_INA_43727_2	H1
ind_INA_48552_1	H1
ind_INA_48552_2	H1
ind_INA_48665_1	H1
ind_INA_48665_2	H1
ind_INA_48730_1	H1
ind_INA_48730_2	H1
ind_INA_48942_1	H1
ind_INA_48942_2	H1
ind_INA_66538_1	H1
ind_INA_66538_2	H1
ind_INA_66562_1	H1
ind_INA_66562_2	H1
ind_INA_66565_1	H1
ind_INA_66565_2	H1
ind_INA_66568_1	H1
ind_INA_66568_2	H1
ind_INA_66597_1	H1
ind_INA_66597_2	H1
ind_INA_66603_1	H1
ind_INA_66603_2	H1
ind_INA_66614_1	H1
ind_INA_66614_2	H1
ind_INA_66631_1	H1
ind_INA_66631_2	H1
ind_INA_66643_1	H1
ind_INA_66643_2	H1
ind_INA_66649_1	H1
ind_INA_66649_2	H1
ind_INA_66659_1	H1
ind_INA_66659_2	H1
ind_INA_66681_1	H1
ind_INA_66681_2	H1
ind_INA_81477_1	H1
ind_INA_81477_2	H1
ind_INA_81486_1	H1
ind_INA_81486_2	H1
ind_INA_81487_1	H1
ind_INA_81487_2	H1
ind_MAS_13094_1	H1
ind_MAS_13094_2	H1
ind_MAS_13334_1	H1
ind_MAS_13334_2	H1
ind_MAS_13444_1	H1
ind_MAS_13444_2	H1
ind_MAS_13451_1	H1
ind_MAS_13451_2	H1
ind_MAS_13892_1	H1
ind_MAS_13892_2	H1
ind_MAS_13910_1	H1
ind_MAS_13910_2	H1
ind_MAS_13917_1	H1
ind_MAS_13917_2	H1
ind_MAS_13969_1	H1
ind_MAS_13969_2	H1
ind_MAS_14_1	H1
ind_MAS_14_2	H1
ind_MAS_14040_1	H1
ind_MAS_14040_2	H1
ind_MAS_14045_1	H1
ind_MAS_14045_2	H1
ind_MAS_14087_1	H1
ind_MAS_14087_2	H1
ind_MAS_14146_1	H1
ind_MAS_14146_2	H1
ind_MAS_14204_1	H1
ind_MAS_14204_2	H1
ind_MAS_14272_1	H1
ind_MAS_14272_2	H1
ind_MAS_14281_1	H1
ind_MAS_14281_2	H1
ind_MAS_14285_1	H1
ind_MAS_14285_2	H1
ind_MAS_14479_1	H1
ind_MAS_14479_2	H1
ind_MAS_14491_1	H1
ind_MAS_14491_2	H1
ind_MAS_19528_1	H1
ind_MAS_19528_2	H1
ind_MAS_71508_1	H1
ind_MAS_71508_2	H1
ind_MAS_71524_1	H1
ind_MAS_71524_2	H1
ind_MAS_71536_1	H1
ind_MAS_71536_2	H1
ind_MAS_71545_1	H1
ind_MAS_71545_2	H1
ind_MAS_71570_1	H1
ind_MAS_71570_2	H1
ind_MAS_71644_1	H1
ind_MAS_71644_2	H1
ind_MAS_71834_1	H1
ind_MAS_71834_2	H1
ind_MAS_79480_1	H1
ind_MAS_79480_2	H1
ind_PHI_44402_1	H1
ind_PHI_44402_2	H1
ind_PHI_53058_1	H1
ind_PHI_53058_2	H1
ind_THA_11470_1	H1
ind_THA_11470_2	H1
ind_THA_57377_1	H1
ind_THA_57377_2	H1
ind_THA_61260_1	H1
ind_THA_61260_2	H1
ind_THA_61357_1	H1
ind_THA_61357_2	H1
ind_THA_71103_1	H1
ind_THA_71103_2	H1
ind_THA_71352_1	H1
ind_THA_71352_2	H1
ind_THA_71362_1	H1
ind_THA_71362_2	H1
ind_THA_71380_1	H1
ind_THA_71380_2	H1
ind_VIE_16731_1	H1
ind_VIE_16731_2	H1
ind_VIE_26243_1	H1
ind_VIE_26243_2	H1
ind_VIE_73246_1	H1
ind_VIE_73246_2	H1
ind_BAN_25877_1	H1
ind_BAN_25877_2	H1
ind_BAN_26384_1	H1
ind_BAN_26384_2	H1
ind_BAN_26578_1	H1
ind_BAN_26578_2	H1
ind_BAN_34709_1	H1
ind_BAN_34709_2	H1
ind_BAN_37086_1	H1
ind_BAN_37086_2	H1
ind_BAN_49094_1	H1
ind_BAN_49094_2	H1
ind_BAN_77216_1	H1
ind_BAN_77216_2	H1
ind_BAN_77226_1	H1
ind_BAN_77226_2	H1
ind_BAN_77253_1	H1
ind_BAN_77253_2	H1
ind_BAN_77258_1	H1
ind_BAN_77258_2	H1
ind_CAM_23071_1	H1
ind_CAM_23071_2	H1
ind_CAM_83894_1	H1
ind_CAM_83894_2	H1
ind_CAM_87196_1	H1
ind_CAM_87196_2	H1
ind_CAM_87428_1	H1
ind_CAM_87428_2	H1
ind_LAO_106977_1	H1
ind_LAO_106977_2	H1
ind_LAO_11602_1	H1
ind_LAO_11602_2	H1
ind_LAO_12940_1	H1
ind_LAO_12940_2	H1
ind_LAO_12990_1	H1
ind_LAO_12990_2	H1
ind_LAO_12996_1	H1
ind_LAO_12996_2	H1
ind_LAO_13010_1	H1
ind_LAO_13010_2	H1
ind_LAO_29533_1	H1
ind_LAO_29533_2	H1
ind_LAO_29604_1	H1
ind_LAO_29604_2	H1
ind_LAO_29652_1	H1
ind_LAO_29652_2	H1
ind_LAO_29688_1	H1
ind_LAO_29688_2	H1
ind_LAO_29698_1	H1
ind_LAO_29698_2	H1
ind_LAO_29713_1	H1
ind_LAO_29713_2	H1
ind_LAO_29969_1	H1
ind_LAO_29969_2	H1
ind_LAO_78776_1	H1
ind_LAO_78776_2	H1
ind_LAO_78799_1	H1
ind_LAO_78799_2	H1
ind_LAO_81615_1	H1
ind_LAO_81615_2	H1
ind_LAO_84920_1	H1
ind_LAO_84920_2	H1
ind_LAO_85524_1	H1
ind_LAO_85524_2	H1
ind_LAO_85751_1	H1
ind_LAO_85751_2	H1
ind_LAO_86373_1	H1
ind_LAO_86373_2	H1
ind_LAO_89648_1	H1
ind_LAO_89648_2	H1
ind_LAO_89748_1	H1
ind_LAO_89748_2	H1
ind_LAO_90968_1	H1
ind_LAO_90968_2	H1
ind_LAO_91956_1	H1
ind_LAO_91956_2	H1
ind_LAO_91983_1	H1
ind_LAO_91983_2	H1
ind_LAO_92291_1	H1
ind_LAO_92291_2	H1
ind_LAO_95176_1	H1
ind_LAO_95176_2	H1
ind_LAO_95276_1	H1
ind_LAO_95276_2	H1
ind_LAO_95601_1	H1
ind_LAO_95601_2	H1
ind_LAO_98779_1	H1
ind_LAO_98779_2	H1
ind_LAO_99050_1	H1
ind_LAO_99050_2	H1
ind_MAS_13836_1	H1
ind_MAS_13836_2	H1
ind_MYA_70762_1	H1
ind_MYA_70762_2	H1
ind_MYA_70763_1	H1
ind_MYA_70763_2	H1
ind_MYA_97468_1	H1
ind_MYA_97468_2	H1
ind_MYA_97487_1	H1
ind_MYA_97487_2	H1
ind_PHI_44735_1	H1
ind_PHI_44735_2	H1
ind_PHI_82628_1	H1
ind_PHI_82628_2	H1
ind_THA_11462_1	H1
ind_THA_11462_2	H1
ind_THA_27762_1	H1
ind_THA_27762_2	H1
ind_THA_44022_1	H1
ind_THA_44022_2	H1
ind_THA_47773_1	H1
ind_THA_47773_2	H1
ind_THA_47938_1	H1
ind_THA_47938_2	H1
ind_THA_47978_1	H1
ind_THA_47978_2	H1
ind_THA_48007_1	H1
ind_THA_48007_2	H1
ind_THA_48257_1	H1
ind_THA_48257_2	H1
ind_THA_48353_1	H1
ind_THA_48353_2	H1
ind_THA_48387_1	H1
ind_THA_48387_2	H1
ind_THA_48454_1	H1
ind_THA_48454_2	H1
ind_THA_48458_1	H1
ind_THA_48458_2	H1
ind_THA_55265_1	H1
ind_THA_55265_2	H1
ind_THA_57046_1	H1
ind_THA_57046_2	H1
ind_THA_64291_1	H1
ind_THA_64291_2	H1
ind_THA_64297_1	H1
ind_THA_64297_2	H1
ind_THA_64316_1	H1
ind_THA_64316_2	H1
ind_THA_64333_1	H1
ind_THA_64333_2	H1
ind_THA_64366_1	H1
ind_THA_64366_2	H1
ind_THA_64420_1	H1
ind_THA_64420_2	H1
ind_THA_64490_1	H1
ind_THA_64490_2	H1
ind_THA_64502_1	H1
ind_THA_64502_2	H1
ind_THA_64568_1	H1
ind_THA_64568_2	H1
ind_THA_64572_1	H1
ind_THA_64572_2	H1
ind_THA_64595_1	H1
ind_THA_64595_2	H1
ind_THA_64596_1	H1
ind_THA_64596_2	H1
ind_THA_64609_1	H1
ind_THA_64609_2	H1
ind_THA_64613_1	H1
ind_THA_64613_2	H1
ind_THA_65548_1	H1
ind_THA_65548_2	H1
ind_THA_65577_1	H1
ind_THA_65577_2	H1
ind_THA_65771_1	H1
ind_THA_65771_2	H1
ind_THA_65808_1	H1
ind_THA_65808_2	H1
ind_THA_65866_1	H1
ind_THA_65866_2	H1
ind_THA_65948_1	H1
ind_THA_65948_2	H1
ind_THA_65972_1	H1
ind_THA_65972_2	H1
ind_THA_66019_1	H1
ind_THA_66019_2	H1
ind_THA_71208_1	H1
ind_THA_71208_2	H1
ind_THA_71220_1	H1
ind_THA_71220_2	H1
ind_THA_71279_1	H1
ind_THA_71279_2	H1
ind_THA_71288_1	H1
ind_THA_71288_2	H1
ind_THA_71318_1	H1
ind_THA_71318_2	H1
ind_THA_71353_1	H1
ind_THA_71353_2	H1
ind_THA_76959_1	H1
ind_THA_76959_2	H1
ind_THA_78245_1	H1
ind_THA_78245_2	H1
ind_THA_78248_1	H1
ind_THA_78248_2	H1
ind_THA_78251_1	H1
ind_THA_78251_2	H1
ind_THA_78266_1	H1
ind_THA_78266_2	H1
ind_THA_78267_1	H1
ind_THA_78267_2	H1
ind_THA_78276_1	H1
ind_THA_78276_2	H1
ind_VIE_30290_1	H1
ind_VIE_30290_2	H1
ind_VIE_32207_1	H1
ind_VIE_32207_2	H1
ind_CHN_1069_1	H1
ind_CHN_1069_2	H1
ind_CHN_1306_1	H1
ind_CHN_1306_2	H1
ind_CHN_1309_1	H1
ind_CHN_1309_2	H1
ind_CHN_1368_1	H1
ind_CHN_1368_2	H1
ind_CHN_41949_1	H1
ind_CHN_41949_2	H1
ind_CHN_64974_1	H1
ind_CHN_64974_2	H1
ind_CHN_65018_1	H1
ind_CHN_65018_2	H1
ind_CHN_77341_1	H1
ind_CHN_77341_2	H1
ind_CHN_77381_1	H1
ind_CHN_77381_2	H1
ind_CHN_77422_1	H1
ind_CHN_77422_2	H1
ind_CHN_MC05_1	H1
ind_CHN_MC05_2	H1
ind_CHN_MC06_1	H1
ind_CHN_MC06_2	H1
ind_CHN_MC08_1	H1
ind_CHN_MC08_2	H1
ind_CHN_MC09_1	H1
ind_CHN_MC09_2	H1
ind_CHN_MC13_1	H1
ind_CHN_MC13_2	H1
ind_CHN_MC14_1	H1
ind_CHN_MC14_2	H1
ind_CHN_MC16_1	H1
ind_CHN_MC16_2	H1
ind_CHN_MC17_1	H1
ind_CHN_MC17_2	H1
ind_CHN_MC18_1	H1
ind_CHN_MC18_2	H1
ind_CHN_MC19_1	H1
ind_CHN_MC19_2	H1
ind_CHN_MC20_1	H1
ind_CHN_MC20_2	H1
ind_CHN_MC22_1	H1
ind_CHN_MC22_2	H1
ind_CHN_MC25_1	H1
ind_CHN_MC25_2	H1
ind_CHN_MC28_1	H1
ind_CHN_MC28_2	H1
ind_CHN_MC29_1	H1
ind_CHN_MC29_2	H1
ind_CHN_MC30_1	H1
ind_CHN_MC30_2	H1
ind_CHN_MC31_1	H1
ind_CHN_MC31_2	H1
ind_CHN_MC32_1	H1
ind_CHN_MC32_2	H1
ind_CHN_MC35_1	H1
ind_CHN_MC35_2	H1
ind_CHN_MC36_1	H1
ind_CHN_MC36_2	H1
ind_CHN_MC38_1	H1
ind_CHN_MC38_2	H1
ind_CHN_MC41_1	H1
ind_CHN_MC41_2	H1
ind_CHN_MC42_1	H1
ind_CHN_MC42_2	H1
ind_CHN_MC43_1	H1
ind_CHN_MC43_2	H1
ind_CHN_MC44_1	H1
ind_CHN_MC44_2	H1
ind_CHN_MC45_1	H1
ind_CHN_MC45_2	H1
ind_CHN_MC46_1	H1
ind_CHN_MC46_2	H1
ind_CHN_MC48_1	H1
ind_CHN_MC48_2	H1
ind_CHN_MC49_1	H1
ind_CHN_MC49_2	H1
ind_CHN_MC51_1	H1
ind_CHN_MC51_2	H1
ind_CHN_MC52_1	H1
ind_CHN_MC52_2	H1
ind_CHN_MC54_1	H1
ind_CHN_MC54_2	H1
IND_HP362-2_1	H1
IND_HP362-2_2	H1
IND_HP396_1	H1
IND_HP396_2	H1
IND_HP407_1	H1
IND_HP407_2	H1
IND_HP517-1_1	H1
IND_HP517-1_2	H1
ind_IND_10164_1	H1
ind_IND_10164_2	H1
ind_IND_51854_1	H1
ind_IND_51854_2	H1
ind_IND_51932_1	H1
ind_IND_51932_2	H1
ind_IND_52184_1	H6
ind_IND_52184_2	H16
ind_IND_52261_1	H6
ind_IND_52261_2	H16
ind_IND_52785_1	H1
ind_IND_52785_2	H1
ind_IND_54792_1	H1
ind_IND_54792_2	H1
ind_IND_55017_1	H1
ind_IND_55017_2	H1
ind_IND_61667_1	H1
ind_IND_61667_2	H1
ind_IND_67707_1	H1
ind_IND_67707_2	H1
ind_IND_67720_1	H6
ind_IND_67720_2	H6
ind_IND_70786_1	H16
ind_IND_70786_2	H6
ind_IND_70803_1	H1
ind_IND_70803_2	H1
ind_IND_70850_1	H16
ind_IND_70850_2	H6
ind_IND_74757_1	H16
ind_IND_74757_2	H6
ind_IND_74763_1	H1
ind_IND_74763_2	H1
ind_IND_74782_1	H1
ind_IND_74782_2	H1
ind_KOR_55632_1	H1
ind_KOR_55632_2	H1
ind_LAO_106666_1	H1
ind_LAO_106666_2	H1
ind_LAO_80266_1	H1
ind_LAO_80266_2	H1
ind_LAO_89460_1	H1
ind_LAO_89460_2	H1
ind_LAO_98486_1	H1
ind_LAO_98486_2	H1
ind_MYA_70745_1	H1
ind_MYA_70745_2	H1
ind_NEP_59225_1	H1
ind_NEP_59225_2	H1
ind_NEP_61897_1	H1
ind_NEP_61897_2	H1
ind_PHI_23318_1	H1
ind_PHI_23318_2	H1
ind_PHI_44461_1	H1
ind_PHI_44461_2	H1
ind_PHI_5285_1	H1
ind_PHI_5285_2	H1
ind_SRI_11940_1	H6
ind_SRI_11940_2	H6
ind_SRI_11993_1	H1
ind_SRI_11993_2	H1
ind_SRI_12004_1	H6
ind_SRI_12004_2	H6
ind_SRI_15428_1	H16
ind_SRI_15428_2	H6
ind_SRI_15465_1	H1
ind_SRI_15465_2	H1
ind_SRI_15517_1	H1
ind_SRI_15517_2	H1
ind_SRI_36270_1	H6
ind_SRI_36270_2	H6
ind_SRI_36304_1	H1
ind_SRI_36304_2	H1
ind_SRI_47383_1	H6
ind_SRI_47383_2	H16
ind_SRI_55347_1	H16
ind_SRI_55347_2	H6
ind_SRI_8944_1	H1
ind_SRI_8944_2	H1
ind_THA_76929_1	H1
ind_THA_76929_2	H1
TEJ	haplotype
jap_CHN_MC01_1	H1
jap_CHN_MC01_2	H1
jap_JPN_74467_1	H1
jap_JPN_74467_2	H1
jap_JPN_74513_1	H1
jap_JPN_74513_2	H1
jap_JPN_74514_1	H1
jap_JPN_74514_2	H1
jap_JPN_74523_1	H1
jap_JPN_74523_2	H1
jap_JPN_74550_1	H1
jap_JPN_74550_2	H1
jap_JPN_74551_1	H1
jap_JPN_74551_2	H1
jap_JPN_74554_1	H1
jap_JPN_74554_2	H1
jap_JPN_74558_1	H1
jap_JPN_74558_2	H1
jap_KOR_73053_1	H1
jap_KOR_73053_2	H1
jap_KOR_73055_1	H1
jap_KOR_73055_2	H1
jap_VIE_78369_1	H1
jap_VIE_78369_2	H1
HP38_1	H1
HP38_2	H1
HP48_1	H1
HP48_2	H1
HP98_1	H1
HP98_2	H1
tej_CHN_1107_1	H1
tej_CHN_1107_2	H1
tej_CHN_1175_1	H1
tej_CHN_1175_2	H1
tej_CHN_1427_1	H1
tej_CHN_1427_2	H1
tej_CHN_20708_1	H1
tej_CHN_20708_2	H1
tej_CHN_20721_1	H1
tej_CHN_20721_2	H1
tej_CHN_20876_1	H1
tej_CHN_20876_2	H1
tej_CHN_49357_1	H1
tej_CHN_49357_2	H1
tej_CHN_680_1	H1
tej_CHN_680_2	H1
tej_CHN_MC02_1	H1
tej_CHN_MC02_2	H1
tej_CHN_MC03_1	H1
tej_CHN_MC03_2	H1
tej_CHN_MC04_1	H1
tej_CHN_MC04_2	H1
tej_CHN_MC05_1	H1
tej_CHN_MC05_2	H1
tej_CHN_MC06_1	H1
tej_CHN_MC06_2	H1
tej_CHN_MC07_1	H1
tej_CHN_MC07_2	H1
tej_CHN_MC08_1	H1
tej_CHN_MC08_2	H1
tej_CHN_MC09_1	H1
tej_CHN_MC09_2	H1
tej_CHN_MC10_1	H1
tej_CHN_MC10_2	H1
tej_CHN_MC11_1	H1
tej_CHN_MC11_2	H1
tej_CHN_MC12_1	H1
tej_CHN_MC12_2	H1
tej_CHN_MC13_1	H1
tej_CHN_MC13_2	H1
tej_CHN_MC14_1	H1
tej_CHN_MC14_2	H1
tej_CHN_MC15_1	H1
tej_CHN_MC15_2	H1
tej_CHN_MC16_1	H1
tej_CHN_MC16_2	H1
tej_CHN_MC17_1	H1
tej_CHN_MC17_2	H1
tej_CHN_MC18_1	H1
tej_CHN_MC18_2	H1
tej_CHN_MC19_1	H1
tej_CHN_MC19_2	H1
tej_CHN_MC20_1	H1
tej_CHN_MC20_2	H1
tej_CHN_MC21_1	H1
tej_CHN_MC21_2	H1
tej_CHN_MC22_1	H1
tej_CHN_MC22_2	H1
tej_CHN_MC23_1	H1
tej_CHN_MC23_2	H1
tej_CHN_MC26_1	H1
tej_CHN_MC26_2	H1
tej_CHN_MC27_1	H1
tej_CHN_MC27_2	H1
tej_CHN_MC28_1	H1
tej_CHN_MC28_2	H1
tej_CHN_MC29_1	H1
tej_CHN_MC29_2	H1
tej_CHN_MC30_1	H1
tej_CHN_MC30_2	H1
TEJ_HP103_1	H1
TEJ_HP103_2	H1
TEJ_HP13-2_1	H1
TEJ_HP13-2_2	H1
TEJ_HP14_1	H1
TEJ_HP14_2	H1
TEJ_HP314_1	H1
TEJ_HP314_2	H1
TEJ_HP390_1	H1
TEJ_HP390_2	H1
TEJ_HP44_1	H1
TEJ_HP44_2	H1
tej_JAP_2545_1	H1
tej_JAP_2545_2	H1
tej_JPN_418_1	H1
tej_JPN_418_2	H1
tej_JPN_8191_1	H1
tej_JPN_8191_2	H1
tej_KOR_19698_1	H1
tej_KOR_19698_2	H1
tej_KOR_19760_1	H1
tej_KOR_19760_2	H1
tej_KOR_19775_1	H1
tej_KOR_19775_2	H1
tej_KOR_19867_1	H1
tej_KOR_19867_2	H1
tej_KOR_19875_1	H1
tej_KOR_19875_2	H1
tej_KOR_19880_1	H1
tej_KOR_19880_2	H1
tej_KOR_19888_1	H1
tej_KOR_19888_2	H1
tej_KOR_19891_1	H1
tej_KOR_19891_2	H1
tej_KOR_55457_1	H1
tej_KOR_55457_2	H1
tej_KOR_55471_1	H1
tej_KOR_55471_2	H1
tej_KOR_55536_1	H1
tej_KOR_55536_2	H1
tej_KOR_55547_1	H1
tej_KOR_55547_2	H1
tej_KOR_77639_1	H1
tej_KOR_77639_2	H1
tej_KOR_77644_1	H1
tej_KOR_77644_2	H1
tej_KOR_77653_1	H1
tej_KOR_77653_2	H1
tej_KOR_77666_1	H1
tej_KOR_77666_2	H1
tej_KOR_77669_1	H1
tej_KOR_77669_2	H1
tej_NIP_1	H1
tej_NIP_2	H1
tej_PHI_44476_1	H1
tej_PHI_44476_2	H1
tej_PRK_90852_1	H1
tej_PRK_90852_2	H1
tej_VIE_78460_1	H1
tej_VIE_78460_2	H1
UR28_1	H1
UR28_2	H1
TRJ	haplotype
jap_INA_13514_1	H1
jap_INA_13514_2	H1
jap_INA_13732_1	H1
jap_INA_13732_2	H1
jap_INA_16467_1	H1
jap_INA_16467_2	H1
jap_INA_16468_1	H1
jap_INA_16468_2	H1
jap_INA_16570_1	H1
jap_INA_16570_2	H1
jap_INA_16571_1	H1
jap_INA_16571_2	H1
jap_INA_16603_1	H1
jap_INA_16603_2	H1
jap_INA_17153_1	H1
jap_INA_17153_2	H1
jap_INA_17201_1	H1
jap_INA_17201_2	H1
jap_INA_17401_1	H1
jap_INA_17401_2	H1
jap_INA_17471_1	H1
jap_INA_17471_2	H1
jap_INA_17491_1	H1
jap_INA_17491_2	H1
jap_INA_17593_1	H1
jap_INA_17593_2	H1
jap_INA_17728_1	H1
jap_INA_17728_2	H1
jap_INA_17897_1	H1
jap_INA_17897_2	H1
jap_INA_17916_1	H1
jap_INA_17916_2	H1
jap_INA_17929_1	H1
jap_INA_17929_2	H1
jap_INA_17954_1	H1
jap_INA_17954_2	H1
jap_INA_17963_1	H1
jap_INA_17963_2	H1
jap_INA_18116_1	H1
jap_INA_18116_2	H1
jap_INA_18119_1	H1
jap_INA_18119_2	H1
jap_INA_18131_1	H1
jap_INA_18131_2	H1
jap_INA_18426_1	H1
jap_INA_18426_2	H1
jap_INA_18456_1	H1
jap_INA_18456_2	H1
jap_INA_18484_1	H1
jap_INA_18484_2	H1
jap_INA_18494_1	H1
jap_INA_18494_2	H1
jap_INA_18519_1	H1
jap_INA_18519_2	H1
jap_INA_18608_1	H1
jap_INA_18608_2	H1
jap_INA_18678_1	H1
jap_INA_18678_2	H1
jap_INA_18826_1	H1
jap_INA_18826_2	H1
jap_INA_18829_1	H1
jap_INA_18829_2	H1
jap_INA_18900_1	H1
jap_INA_18900_2	H1
jap_INA_19961_1	H1
jap_INA_19961_2	H1
jap_INA_25171_1	H1
jap_INA_25171_2	H1
jap_INA_25636_1	H1
jap_INA_25636_2	H1
jap_INA_27397_1	H1
jap_INA_27397_2	H1
jap_INA_43377_1	H1
jap_INA_43377_2	H1
jap_INA_48733_1	H1
jap_INA_48733_2	H1
jap_INA_54140_1	H1
jap_INA_54140_2	H1
jap_INA_66644_1	H1
jap_INA_66644_2	H1
jap_INA_77601_1	H1
jap_INA_77601_2	H1
jap_MAS_71596_1	H1
jap_MAS_71596_2	H1
jap_PHI_23359_1	H1
jap_PHI_23359_2	H1
jap_PHI_23360_1	H1
jap_PHI_23360_2	H1
jap_PHI_26276_1	H1
jap_PHI_26276_2	H1
jap_PHI_26942_1	H1
jap_PHI_26942_2	H1
trj_BHU_62166_1	H1
trj_BHU_62166_2	H1
trj_BHU_64897_1	H1
trj_BHU_64897_2	H1
trj_CAM_87778_1	H1
trj_CAM_87778_2	H1
trj_CHN_22128_1_1	H1
trj_CHN_22128_1_2	H1
trj_CHN_23274_1	H1
trj_CHN_23274_2	H1
trj_CHN_24616_1	H1
trj_CHN_24616_2	H1
trj_CHN_32447_1	H1
trj_CHN_32447_2	H1
trj_CHN_MC34_1	H1
trj_CHN_MC34_2	H1
TRJ_GP39_1	H1
TRJ_GP39_2	H1
TRJ_GP640_1	H1
TRJ_GP640_2	H1
TRJ_GP761-1_1	H1
TRJ_GP761-1_2	H1
trj_INA_16565_1	H1
trj_INA_16565_2	H1
trj_INA_16653_1	H1
trj_INA_16653_2	H1
trj_INA_17775_1	H1
trj_INA_17775_2	H1
trj_INA_18238_1	H1
trj_INA_18238_2	H1
trj_INA_18245_1	H1
trj_INA_18245_2	H1
trj_INA_18282_1	H1
trj_INA_18282_2	H1
trj_INA_18328_1	H1
trj_INA_18328_2	H1
trj_INA_18418_1	H1
trj_INA_18418_2	H1
trj_INA_18487_1	H1
trj_INA_18487_2	H1
trj_INA_25442_1	H1
trj_INA_25442_2	H1
trj_INA_25640_1	H1
trj_INA_25640_2	H1
trj_INA_27164_1	H1
trj_INA_27164_2	H1
trj_INA_27297_1	H1
trj_INA_27297_2	H1
trj_INA_27403_1	H1
trj_INA_27403_2	H1
trj_INA_43325_1	H1
trj_INA_43325_2	H1
trj_INA_43390_1	H1
trj_INA_43390_2	H1
trj_INA_43515_1	H1
trj_INA_43515_2	H1
trj_INA_48698_1	H1
trj_INA_48698_2	H1
trj_INA_54201_1	H1
trj_INA_54201_2	H1
trj_INA_66630_1	H1
trj_INA_66630_2	H1
trj_INA_77554_1	H1
trj_INA_77554_2	H1
trj_INA_81440_1	H1
trj_INA_81440_2	H1
trj_IND_53973_1	H1
trj_IND_53973_2	H1
trj_LAO_106767_1	H1
trj_LAO_106767_2	H1
trj_LAO_107375_1	H1
trj_LAO_107375_2	H1
trj_LAO_107599_1	H1
trj_LAO_107599_2	H1
trj_LAO_107773_1	H1
trj_LAO_107773_2	H1
trj_LAO_107804_1	H1
trj_LAO_107804_2	H1
trj_LAO_30085_1	H1
trj_LAO_30085_2	H1
trj_LAO_30106_1	H1
trj_LAO_30106_2	H1
trj_LAO_80273_1	H1
trj_LAO_80273_2	H1
trj_LAO_95117_1	H1
trj_LAO_95117_2	H1
trj_LAO_98382_1	H1
trj_LAO_98382_2	H1
trj_LAO_99161_1	H1
trj_LAO_99161_2	H1
trj_LAO_99953_1	H1
trj_LAO_99953_2	H1
trj_MAS_14356_1	H1
trj_MAS_14356_2	H1
trj_MAS_44069_1	H1
trj_MAS_44069_2	H1
trj_MAS_44081_1	H1
trj_MAS_44081_2	H1
trj_MAS_44084_1	H1
trj_MAS_44084_2	H1
trj_MAS_71493_1	H1
trj_MAS_71493_2	H1
trj_MYA_95823_1	H1
trj_MYA_95823_2	H1
trj_MYA_97567_1	H1
trj_MYA_97567_2	H1
trj_PHI_11205_1	H1
trj_PHI_11205_2	H1
trj_PHI_11216_1	H1
trj_PHI_11216_2	H1
trj_PHI_19391_1	H1
trj_PHI_19391_2	H1
trj_PHI_19412_1	H1
trj_PHI_19412_2	H1
trj_PHI_19415_1	H1
trj_PHI_19415_2	H1
trj_PHI_19418_1	H1
trj_PHI_19418_2	H1
trj_PHI_19454_1	H1
trj_PHI_19454_2	H1
trj_PHI_19456_1	H1
trj_PHI_19456_2	H1
trj_PHI_24156_1	H1
trj_PHI_24156_2	H1
trj_PHI_26872_1	H1
trj_PHI_26872_2	H1
trj_PHI_26876_1	H1
trj_PHI_26876_2	H1
trj_PHI_26887_1	H1
trj_PHI_26887_2	H1
trj_PHI_26936_1	H1
trj_PHI_26936_2	H1
trj_PHI_328_1	H1
trj_PHI_328_2	H1
trj_PHI_3782_1	H1
trj_PHI_3782_2	H1
trj_PHI_3909_1	H1
trj_PHI_3909_2	H1
trj_PHI_44544_1	H1
trj_PHI_44544_2	H1
trj_PHI_44637_1	H1
trj_PHI_44637_2	H1
trj_PHI_47161_1	H1
trj_PHI_47161_2	H1
trj_PHI_47197_1	H1
trj_PHI_47197_2	H1
trj_PHI_47216_1	H1
trj_PHI_47216_2	H1
trj_PHI_50384_1	H1
trj_PHI_50384_2	H1
trj_PHI_50402_1	H1
trj_PHI_50402_2	H1
trj_PHI_52887_1	H1
trj_PHI_52887_2	H1
trj_PHI_55418_1	H1
trj_PHI_55418_2	H1
trj_PHI_67423_1	H1
trj_PHI_67423_2	H1
trj_PHI_74318_1	H1
trj_PHI_74318_2	H1
trj_PHI_74607_1	H1
trj_PHI_74607_2	H1
trj_PHI_75209_1	H1
trj_PHI_75209_2	H1
trj_PHI_75213_1	H1
trj_PHI_75213_2	H1
trj_PHI_78968_1	H1
trj_PHI_78968_2	H1
trj_PHI_78995_1	H1
trj_PHI_78995_2	H1
trj_PHI_8052_1	H1
trj_PHI_8052_2	H1
trj_PHI_8059_1	H1
trj_PHI_8059_2	H1
trj_PHI_8083_1	H1
trj_PHI_8083_2	H1
trj_PHI_8129_1	H1
trj_PHI_8129_2	H1
trj_PHI_8135_1	H1
trj_PHI_8135_2	H1
trj_PHI_81758_1	H1
trj_PHI_81758_2	H1
trj_PHI_8244_1	H1
trj_PHI_8244_2	H1
trj_PHI_82788_1	H1
trj_PHI_82788_2	H1
trj_SRI_15750_1	H1
trj_SRI_15750_2	H1
trj_THA_23706_1	H1
trj_THA_23706_2	H1
trj_THA_23710_1	H1
trj_THA_23710_2	H1
trj_THA_40222_1	H1
trj_THA_40222_2	H1
trj_THA_60824_1	H1
trj_THA_60824_2	H1
trj_THA_71001_1	H1
trj_THA_71001_2	H1
trj_THA_71140_1	H1
trj_THA_71140_2	H1
trj_THA_71442_1	H1
trj_THA_71442_2	H1
trj_THA_73317_1	H1
trj_THA_73317_2	H1
trj_THA_78279_1	H1
trj_THA_78279_2	H1
trj_VIE_78342_1	H1
trj_VIE_78342_2	H1
RUF1	haplotype
FJ_zp_02_1	H1
FJ_zp_02_2	H2
GD_gz_01_1	H2
GD_gz_01_2	H2
GD_gz_02_1	H2
GD_gz_02_2	H2
GD_gz_03_1	H2
GD_gz_03_2	H2
GD_gz_04_1	H2
GD_gz_04_2	H2
GD_qy_01_1	H2
GD_qy_01_2	H2
GX_bs_01_1	H2
GX_bs_01_2	H2
GX_hz_01_1	H4
GX_hz_01_2	H4
GX_hz_04_1	H2
GX_hz_04_2	H1
GX_hz_05_1	H4
GX_hz_05_2	H4
GX_td_02_1	H2
GX_td_02_2	H2
HN_wc_02_1	H2
HN_wc_02_2	H2
HUN_01_1	H1
HUN_01_2	H1
HUN_cl_01_1	H3
HUN_cl_01_2	H3
HUN_jy_01_1	H2
HUN_jy_01_2	H3
HUN_jy_02_1	H2
HUN_jy_02_2	H3
IND_81881_1	H2
IND_81881_2	H2
JX_dx_02_1	H2
JX_dx_02_2	H2
JX_dx_03_1	H2
JX_dx_03_2	H2
JX_dx_04_1	H2
JX_dx_04_2	H2
JX_dx_05_1	H2
JX_dx_05_2	H2
rufipogon_W1943_1	H2
rufipogon_W1943_2	H2
rufipogon_W3078-2_1	H2
rufipogon_W3078-2_2	H2
W3046_1	H3
W3046_2	H2
IND_80534_1	H4
IND_80534_2	H4
IND_80605_1	H2
IND_80605_2	H2
IND_80668_1	H4
IND_80668_2	H4
NEP07_14_1	H1
NEP07_14_2	H3
NEP08_26_1	H2
NEP08_26_2	H2
rNEP04_02_1	H2
rNEP04_02_2	H2
rNEP04_20_1	H2
rNEP04_20_2	H2
rNEP04_24_1	H2
rNEP04_24_2	H2
rNEP07_19_1	H2
rNEP07_19_2	H2
RUF2	haplotype
INA_81977_1	H4
INA_81977_2	H4
KHM08_19_1	H4
KHM08_19_2	H4
rKHM02_X9_1	H4
rKHM02_X9_2	H4
rVN13_01_1	H4
rVN13_01_2	H4
rVN13_04_1	H4
rVN13_04_2	H4
W1979_1	H4
W1979_2	H4
MMR06_04_1	H4
MMR06_04_2	H4
MMR07_03_1	H4
MMR07_03_2	H4
MMR09_10_1	H5
MMR09_10_2	H5
MYA_106357_1	H4
MYA_106357_2	H4
MYA_106379_1	H4
MYA_106379_2	H4
MYA_81946_1	H4
MYA_81946_2	H4
MYA_81990_1	H4
MYA_81990_2	H4
rMMR05_11_1	H4
rMMR05_11_2	H4
YN_jh_01_1	H5
YN_jh_01_2	H4
YN_jh_02_1	H5
YN_jh_02_2	H5
YN_jh_03_1	H5
YN_jh_03_2	H4
INA_93274_1	H4
INA_93274_2	H4
PNG_106273_1	H4
PNG_106273_2	H4
PNG_106283_1	H4
PNG_106283_2	H4
PNG_106289_1	H4
PNG_106289_2	H4
PNG_106502_1	H4
PNG_106502_2	H4
PNG_81995_1	H4
PNG_81995_2	H4
NIV1	haplotype
IND_105314_1	H10
IND_105314_2	H10
IND_105349_1	H10
IND_105349_2	H10
nIND_100900_1	H11
nIND_100900_2	H11
nIND_104697_1	H10
nIND_104697_2	H10
nIND_105319_1	H10
nIND_105319_2	H10
nIND_105323_1	H10
nIND_105323_2	H10
nIND_106111_1	H11
nIND_106111_2	H11
nIND_106113_1	H11
nIND_106113_2	H11
nIND_106495_1	H10
nIND_106495_2	H10
nIND_80470_1	H11
nIND_80470_2	H11
nSL10_11_1	H12
nSL10_11_2	H12
nSL10_16_1	H12
nSL10_16_2	H12
nSL10_19_1	H12
nSL10_19_2	H12
nSL17_01_1	H13
nSL17_01_2	H13
nSRI_103416_1	H13
nSRI_103416_2	H13
nSRI_103422_1	H13
nSRI_103422_2	H13
nSRI_105417_1	H13
nSRI_105417_2	H13
nSRI_105428_1	H13
nSRI_105428_2	H13
nSRI_105454_1	H11
nSRI_105454_2	H11
nSRI09_01_1	H11
nSRI09_01_2	H11
nSRI10_06_1	H12
nSRI10_06_2	H13
nSRI11_01_1	H12
nSRI11_01_2	H12
W0141_1	H10
W0141_2	H10
W1739_1	H11
W1739_2	H11
W2012_1	H14
W2012_2	H14
nIND_104687_1	H14
nIND_104687_2	H14
nIND_81857_1	H14
nIND_81857_2	H14
nIND_81865_1	H14
nIND_81865_2	H14
nNEP_105702_1	H14
nNEP_105702_2	H14
nNEP_105703_1	H14
nNEP_105703_2	H14
nNEP_105706_1	H14
nNEP_105706_2	H14
nNEP_93185_1	H14
nNEP_93185_2	H14
nNEP_93188_1	H14
nNEP_93188_2	H14
nNEP_93193_1	H14
nNEP_93193_2	H14
nNEP01_06_1	H14
nNEP01_06_2	H14
nNEP01_08_1	H14
nNEP01_08_2	H14
nNEP02_09_1	H14
nNEP02_09_2	H14
nNEP02_33_1	H14
nNEP02_33_2	H14
nNEP06_01_1	H14
nNEP06_01_2	H14
nNEP06_04_1	H14
nNEP06_04_2	H14
nNEP06_09_1	H14
nNEP06_09_2	H14
nNEP06_12_1	H14
nNEP06_12_2	H14
nNEP06_18_1	H14
nNEP06_18_2	H14
nNEP06_36_1	H14
nNEP06_36_2	H14
nNEP06_38_1	H14
nNEP06_38_2	H14
nNEP06_48_1	H14
nNEP06_48_2	H14
rVN02_19_1	H14
rVN02_19_2	H14
nMMR01_14_1	H15
nMMR01_14_2	H15
nMMR01_23_1	H15
nMMR01_23_2	H15
nMMR01_X10_1	H15
nMMR01_X10_2	H15
nMMR01_X2_1	H15
nMMR01_X2_2	H15
nMMR01_X4_1	H15
nMMR01_X4_2	H15
nMMR01_X6_1	H15
nMMR01_X6_2	H15
nMYA_81940_1	H15
nMYA_81940_2	H15
NIV2	haplotype
nBAN_103835_1	H6
nBAN_103835_2	H6
IND_106128_1	H6
IND_106128_2	H6
nIND_100897_1	H6
nIND_100897_2	H6
nIND_106061_1	H6
nIND_106061_2	H6
nIND_106096_1	H6
nIND_106096_2	H6
nIND_106098_1	H6
nIND_106098_2	H6
nIND_106102_1	H6
nIND_106102_2	H6
nIND_106104_1	H6
nIND_106104_2	H6
nIND_80544_1	H6
nIND_80544_2	H6
nIND_80545_1	H6
nIND_80545_2	H6
nIND_80547_1	H6
nIND_80547_2	H6
nIND_80548_1	H6
nIND_80548_2	H6
nIND_80551_1	H6
nIND_80551_2	H6
nIND_80552_1	H6
nIND_80552_2	H6
nIND_80559_1	H6
nIND_80559_2	H6
nIND_80564_1	H6
nIND_80564_2	H6
nIND_80581_1	H7
nIND_80581_2	H7
nIND_82005_1	H6
nIND_82005_2	H6
nLAO_106185_1	H6
nLAO_106185_2	H6
nMYA_80726_1	H6
nMYA_80726_2	H6
rufipogon_W1754_1	H6
rufipogon_W1754_2	H6
KHM01_13_1	H8
KHM01_13_2	H8
nCAM_105716_1	H9
nCAM_105716_2	H9
nCAM_105724_1	H9
nCAM_105724_2	H9
nCAM_105790_1	H9
nCAM_105790_2	H9
nCAM_89214_1	H9
nCAM_89214_2	H9
nKHM01_02_1	H8
nKHM01_02_2	H8
nKHM01_10_1	H7
nKHM01_10_2	H7
nKHM01_X1_1	H8
nKHM01_X1_2	H8
nKHM13_12_1	H1
nKHM13_12_2	H1
nKHM15_17_1	H9
nKHM15_17_2	H9
nTHA_105801_1	H8
nTHA_105801_2	H8
nTHA_105821_1	H8
nTHA_105821_2	H8
nTHA_105939_1	H8
nTHA_105939_2	H8
nTHA_82038_1	H8
nTHA_82038_2	H8
nVN01_08_2_1	H8
nVN01_08_2_2	H8
nVN01_12_1_1	H8
nVN01_12_1_2	H8
nVN01_13_1_1	H8
nVN01_13_1_2	H8
nVN01_16_2_1	H8
nVN01_16_2_2	H8
nVN01_17_1_1	H8
nVN01_17_1_2	H8
nVN07_10_1	H8
nVN07_10_2	H8
nVN09_20_1	H8
nVN09_20_2	H8
nVN11_07_1	H8
nVN11_07_2	H8
nVN14_03_1	H7
nVN14_03_2	H7
nVN14_12_1	H9
nVN14_12_2	H9
nVN14_14_1	H9
nVN14_14_2	H9
nVN14_X2_1	H9
nVN14_X2_2	H9
THA_105855_1	H7
THA_105855_2	H7
VN01_03_1	H8
VN01_03_2	H8
VN01_11_1	H8
VN01_11_2	H8
VN01_12_1	H8
VN01_12_2	H8
VN14_10_1	H9
VN14_10_2	H9
